C:/Box Sync/Work/TPSA/tpsa_lib/scr/da.cc:7: warning: Found unknown command `\email'
C:/Box Sync/Work/TPSA/tpsa_lib/scr/da.cc:612: warning: The following parameters of _inv_matrix(std::vector< std::vector< double > > &a, const int n, std::vector< std::vector< double > > &y) are not documented:
  parameter 'y'
C:/Box Sync/Work/TPSA/tpsa_lib/scr/da.cc:236: warning: The following parameters of da_init(unsigned int da_order, unsigned int num_da_variables, unsigned int num_da_vectors) are not documented:
  parameter 'num_da_vectors'
C:/Box Sync/Work/TPSA/tpsa_lib/include/da.h:7: warning: Found unknown command `\email'
C:/Box Sync/Work/TPSA/tpsa_lib/include/da.h:60: warning: The following parameters of da_init(unsigned int da_order, unsigned int num_da_variables, unsigned int num_da_vectors) are not documented:
  parameter 'num_da_vectors'
C:/Box Sync/Work/TPSA/tpsa_lib/scr/tpsa_extend.cc:10: warning: Found unknown command `\email'
C:/Box Sync/Work/TPSA/tpsa_lib/scr/tpsa_extend.cc:696: warning: argument 'ivecs' of command @param is not found in the argument list of ad_subscribe(const TVEC iv, std::vector< unsigned int > &base_id, std::vector< TVEC > &v, TVEC ov)
C:/Box Sync/Work/TPSA/tpsa_lib/scr/tpsa_extend.cc:696: warning: argument 'ovecs' of command @param is not found in the argument list of ad_subscribe(const TVEC iv, std::vector< unsigned int > &base_id, std::vector< TVEC > &v, TVEC ov)
C:/Box Sync/Work/TPSA/tpsa_lib/scr/tpsa_extend.cc:705: warning: The following parameters of ad_subscribe(const TVEC iv, std::vector< unsigned int > &base_id, std::vector< TVEC > &v, TVEC ov) are not documented:
  parameter 'iv'
  parameter 'ov'
C:/Box Sync/Work/TPSA/tpsa_lib/include/tpsa_extend.h:4: warning: Found unknown command `\email'
C:/Box Sync/Work/TPSA/tpsa_lib/scr/tpsa_extend.cc:696: warning: argument 'ivecs' of command @param is not found in the argument list of ad_subscribe(const TVEC iv, std::vector< unsigned int > &base_id, std::vector< TVEC > &v, TVEC ov)
C:/Box Sync/Work/TPSA/tpsa_lib/scr/tpsa_extend.cc:696: warning: argument 'ovecs' of command @param is not found in the argument list of ad_subscribe(const TVEC iv, std::vector< unsigned int > &base_id, std::vector< TVEC > &v, TVEC ov)
C:/Box Sync/Work/TPSA/tpsa_lib/include/tpsa_extend.h:33: warning: The following parameters of ad_subscribe(const TVEC iv, std::vector< unsigned int > &base_id, std::vector< TVEC > &v, TVEC ov) are not documented:
  parameter 'iv'
  parameter 'ov'
